<?xml version="1.0" encoding="UTF-8"?>
<!-- Generated by org.testng.reporters.JUnitXMLReporter -->
<testsuite ignored="3" hostname="Karthik" failures="0" tests="1" name="Default test" time="2.436" errors="0" timestamp="2026-06-06T11:37:27 IST">
  <testcase classname="karthikakkasaligar.TestCases.Cart_Validations" name="AddMultipleProducttoCart" time="0.55"/>
  <testcase classname="karthikakkasaligar.TestCases.Cart_Validations" name="VerifyAddtoCartBuutonDisplaY" time="0.0">
    <ignored/>
  </testcase> <!-- VerifyAddtoCartBuutonDisplaY -->
  <testcase classname="karthikakkasaligar.TestCases.Cart_Validations" name="Addallproductstocart" time="0.0">
    <ignored/>
  </testcase> <!-- Addallproductstocart -->
  <testcase classname="karthikakkasaligar.TestCases.Cart_Validations" name="AddSingleProducttocart" time="0.0">
    <ignored/>
  </testcase> <!-- AddSingleProducttocart -->
</testsuite> <!-- Default test -->
