<?xml version="1.0" encoding="UTF-8"?>
<!-- Generated by org.testng.reporters.JUnitReportReporter -->
<testsuite hostname="Karthik" failures="0" tests="1" name="karthikakkasaligar.TestCases.VerifyAddtoCartBuutonDisplay" time="3.457" errors="0" timestamp="2026-06-03T23:02:17 IST" skipped="0">
  <testcase classname="karthikakkasaligar.TestCases.VerifyAddtoCartBuutonDisplay" name="VerifyAddtoCartBuutonDisplaY" time="3.457"/>
</testsuite> <!-- karthikakkasaligar.TestCases.VerifyAddtoCartBuutonDisplay -->
