<?xml version="1.0" encoding="UTF-8"?>
<!-- Generated by org.testng.reporters.JUnitReportReporter -->
<testsuite hostname="Karthik" failures="0" tests="5" name="karthikakkasaligar.TestCases.Product_Validations" time="10.184" errors="0" timestamp="2026-06-06T11:37:04 IST" skipped="0">
  <testcase classname="karthikakkasaligar.TestCases.Product_Validations" name="VerifyProductdisplay" time="1.977"/>
  <testcase classname="karthikakkasaligar.TestCases.Product_Validations" name="RemoveProduct" time="2.317"/>
  <testcase classname="karthikakkasaligar.TestCases.Product_Validations" name="VerifyProductPageload" time="1.631"/>
  <testcase classname="karthikakkasaligar.TestCases.Product_Validations" name="VerifyProductDetails" time="2.073"/>
  <testcase classname="karthikakkasaligar.TestCases.Product_Validations" name="VerifyProductPricescorrectly" time="2.186"/>
</testsuite> <!-- karthikakkasaligar.TestCases.Product_Validations -->
