<?xml version="1.0" encoding="UTF-8"?>
<!-- Generated by org.testng.reporters.JUnitReportReporter -->
<testsuite hostname="Karthik" failures="0" tests="1" name="karthikakkasaligar.TestCases.VerifyProductPageLoadTest" time="2.210" errors="0" timestamp="2026-06-01T22:47:17 IST" skipped="0">
  <testcase classname="karthikakkasaligar.TestCases.VerifyProductPageLoadTest" name="VerifyProductPageLoadTestvalidation" time="2.210"/>
</testsuite> <!-- karthikakkasaligar.TestCases.VerifyProductPageLoadTest -->
