<?xml version="1.0" encoding="UTF-8"?>
<testng-results ignored="3" total="4" passed="1" failed="0" skipped="0">
  <reporter-output>
  </reporter-output>
  <suite started-at="2026-06-06T11:37:24 IST" name="Default suite" finished-at="2026-06-06T11:37:27 IST" duration-ms="2436">
    <groups>
    </groups>
    <test started-at="2026-06-06T11:37:24 IST" name="Default test" finished-at="2026-06-06T11:37:27 IST" duration-ms="2436">
      <class name="karthikakkasaligar.TestCases.Cart_Validations">
        <test-method is-config="true" signature="lunchapplication()[pri:0, instance:karthikakkasaligar.TestCases.Cart_Validations@3c41ed1d]" started-at="2026-06-06T11:37:24 IST" name="lunchapplication" finished-at="2026-06-06T11:37:26 IST" duration-ms="1684" status="PASS">
          <reporter-output>
          </reporter-output>
        </test-method> <!-- lunchapplication -->
        <test-method signature="AddMultipleProducttoCart()[pri:0, instance:karthikakkasaligar.TestCases.Cart_Validations@3c41ed1d]" started-at="2026-06-06T11:37:26 IST" name="AddMultipleProducttoCart" finished-at="2026-06-06T11:37:26 IST" duration-ms="550" status="PASS">
          <reporter-output>
          </reporter-output>
        </test-method> <!-- AddMultipleProducttoCart -->
        <test-method is-config="true" signature="teardown()[pri:0, instance:karthikakkasaligar.TestCases.Cart_Validations@3c41ed1d]" started-at="2026-06-06T11:37:26 IST" name="teardown" finished-at="2026-06-06T11:37:27 IST" duration-ms="174" status="PASS">
          <reporter-output>
          </reporter-output>
        </test-method> <!-- teardown -->
      </class> <!-- karthikakkasaligar.TestCases.Cart_Validations -->
    </test> <!-- Default test -->
  </suite> <!-- Default suite -->
</testng-results>
