<?xml version="1.0" encoding="UTF-8"?>
<!-- Generated by org.testng.reporters.JUnitXMLReporter -->
<testsuite ignored="0" hostname="Karthik" failures="0" tests="5" name="Inventory Page Validations" time="10.22" errors="0" timestamp="2026-06-06T11:37:04 IST">
  <testcase classname="karthikakkasaligar.TestCases.Product_Validations" name="RemoveProduct" time="0.53"/>
  <testcase classname="karthikakkasaligar.TestCases.Product_Validations" name="VerifyProductDetails" time="0.814"/>
  <testcase classname="karthikakkasaligar.TestCases.Product_Validations" name="VerifyProductPageload" time="0.271"/>
  <testcase classname="karthikakkasaligar.TestCases.Product_Validations" name="VerifyProductPricescorrectly" time="0.465"/>
  <testcase classname="karthikakkasaligar.TestCases.Product_Validations" name="VerifyProductdisplay" time="0.392"/>
</testsuite> <!-- Inventory Page Validations -->
