<?xml version="1.0" encoding="UTF-8"?>
<!-- Generated by org.testng.reporters.JUnitXMLReporter -->
<testsuite ignored="0" hostname="Karthik" failures="0" tests="8" name="Login Validations" time="16.009" errors="0" timestamp="2026-06-05T22:29:08 IST">
  <testcase classname="karthikakkasaligar.TestCases.Login_Validations" name="EmptyUserName" time="0.192"/>
  <testcase classname="karthikakkasaligar.TestCases.Login_Validations" name="Emptypassword" time="0.228"/>
  <testcase classname="karthikakkasaligar.TestCases.Login_Validations" name="LockedUserlogin" time="0.285"/>
  <testcase classname="karthikakkasaligar.TestCases.Login_Validations" name="WrongUsernamevalidation" time="0.262"/>
  <testcase classname="karthikakkasaligar.TestCases.Login_Validations" name="loginValidation" time="0.256"/>
  <testcase classname="karthikakkasaligar.TestCases.Login_Validations" name="verifyLoginUsingEnterkey" time="0.221"/>
  <testcase classname="karthikakkasaligar.TestCases.Login_Validations" name="verifyPasswordMasking" time="0.023"/>
  <testcase classname="karthikakkasaligar.TestCases.Login_Validations" name="wrongPasswordValidation" time="0.333"/>
</testsuite> <!-- Login Validations -->
